<?xml version="1.0" encoding="UTF-8"?>
<!-- Generated by org.testng.reporters.JUnitReportReporter -->
<testsuite hostname="DESKTOP-CN8MJSQ" failures="0" tests="1" name="Gmail.Test.GmailLogin" time="79.256" errors="0" timestamp="2022-12-30T21:58:19 IST" skipped="0">
  <testcase classname="Gmail.Test.GmailLogin" name="testGmailLogin" time="79.256"/>
  <system-out/>
</testsuite> <!-- Gmail.Test.GmailLogin -->
