<?xml version="1.0" encoding="UTF-8"?>
<!-- Generated by org.testng.reporters.JUnitReportReporter -->
<testsuite hostname="DESKTOP-CN8MJSQ" failures="0" tests="6" name="Qkart.Test.RegistrationTest" time="76.449" errors="0" timestamp="2023-05-14T13:55:08 IST" skipped="0">
  <testcase classname="Qkart.Test.RegistrationTest" name="testRegistration" time="10.049"/>
  <system-out/>
  <testcase classname="Qkart.Test.RegistrationTest" name="testRegistration" time="26.754"/>
  <system-out/>
  <testcase classname="Qkart.Test.RegistrationTest" name="testRegistration" time="9.370"/>
  <system-out/>
  <testcase classname="Qkart.Test.RegistrationTest" name="testRegistration" time="14.202"/>
  <system-out/>
  <testcase classname="Qkart.Test.RegistrationTest" name="testRegistration" time="7.855"/>
  <system-out/>
  <testcase classname="Qkart.Test.RegistrationTest" name="testRegistration" time="8.219"/>
  <system-out/>
</testsuite> <!-- Qkart.Test.RegistrationTest -->
