<?xml version="1.0" encoding="UTF-8"?>
<!-- Generated by org.testng.reporters.JUnitReportReporter -->
<testsuite hostname="DESKTOP-CN8MJSQ" failures="0" tests="4" name="Qkart.Test.LoginTestScenario" time="84.183" errors="0" timestamp="2023-05-14T13:55:08 IST" skipped="0">
  <testcase classname="Qkart.Test.LoginTestScenario" name="testLogin" time="24.568"/>
  <system-out/>
  <testcase classname="Qkart.Test.LoginTestScenario" name="testLogin" time="12.665"/>
  <system-out/>
  <testcase classname="Qkart.Test.LoginTestScenario" name="testLogin" time="23.764"/>
  <system-out/>
  <testcase classname="Qkart.Test.LoginTestScenario" name="testLogin" time="23.186"/>
  <system-out/>
</testsuite> <!-- Qkart.Test.LoginTestScenario -->
